# JRE version: Java(TM) SE Runtime Environment (8.0_112-b15) (build 1.8.0_112-b15)
# Java VM: Java HotSpot(TM) 64-Bit Server VM (25.112-b15 mixed mode linux-amd64 compressed oops)
Heap:
 garbage-first heap   total 262144K, used 171039K [0x00000000c0000000, 0x00000000c0100800, 0x0000000100000000)
  region size 1024K, 143 young (146432K), 15 survivors (15360K)
 Metaspace       used 47801K, capacity 52284K, committed 52608K, reserved 1095680K
  class space    used 5683K, capacity 7192K, committed 7296K, reserved 1048576K
GC Heap History (10 events):
Event: 0.672 GC heap before
{Heap before GC invocations=0 (full 0):
 garbage-first heap   total 262144K, used 24576K [0x00000000c0000000, 0x00000000c0100800, 0x0000000100000000)
  region size 1024K, 24 young (24576K), 0 survivors (0K)
 Metaspace       used 7405K, capacity 7540K, committed 7808K, reserved 1056768K
  class space    used 777K, capacity 791K, committed 896K, reserved 1048576K
Event: 0.695 GC heap after
Heap after GC invocations=1 (full 0):
 garbage-first heap   total 262144K, used 10685K [0x00000000c0000000, 0x00000000c0100800, 0x0000000100000000)
  region size 1024K, 3 young (3072K), 3 survivors (3072K)
 Metaspace       used 7405K, capacity 7540K, committed 7808K, reserved 1056768K
  class space    used 777K, capacity 791K, committed 896K, reserved 1048576K
}
Event: 0.898 GC heap before
{Heap before GC invocations=1 (full 0):
 garbage-first heap   total 262144K, used 19901K [0x00000000c0000000, 0x00000000c0100800, 0x0000000100000000)
  region size 1024K, 12 young (12288K), 3 survivors (3072K)
 Metaspace       used 8813K, capacity 9010K, committed 9216K, reserved 1056768K
  class space    used 926K, capacity 960K, committed 1024K, reserved 1048576K
Event: 0.915 GC heap after
Heap after GC invocations=2 (full 0):
 garbage-first heap   total 262144K, used 15360K [0x00000000c0000000, 0x00000000c0100800, 0x0000000100000000)
  region size 1024K, 2 young (2048K), 2 survivors (2048K)
 Metaspace       used 8813K, capacity 9010K, committed 9216K, reserved 1056768K
  class space    used 926K, capacity 960K, committed 1024K, reserved 1048576K
}
Event: 1.431 GC heap before
{Heap before GC invocations=2 (full 0):
 garbage-first heap   total 262144K, used 35840K [0x00000000c0000000, 0x00000000c0100800, 0x0000000100000000)
  region size 1024K, 22 young (22528K), 2 survivors (2048K)
 Metaspace       used 13099K, capacity 14186K, committed 14464K, reserved 1062912K
  class space    used 1384K, capacity 1608K, committed 1664K, reserved 1048576K
Event: 1.456 GC heap after
Heap after GC invocations=3 (full 0):
 garbage-first heap   total 262144K, used 18864K [0x00000000c0000000, 0x00000000c0100800, 0x0000000100000000)
  region size 1024K, 3 young (3072K), 3 survivors (3072K)
 Metaspace       used 13099K, capacity 14186K, committed 14464K, reserved 1062912K
  class space    used 1384K, capacity 1608K, committed 1664K, reserved 1048576K
}
Event: 2.701 GC heap before
{Heap before GC invocations=3 (full 0):
 garbage-first heap   total 262144K, used 75708K [0x00000000c0000000, 0x00000000c0100800, 0x0000000100000000)
  region size 1024K, 27 young (27648K), 3 survivors (3072K)
 Metaspace       used 19468K, capacity 21030K, committed 21248K, reserved 1069056K
  class space    used 2065K, capacity 2461K, committed 2560K, reserved 1048576K
Event: 2.716 GC heap after
Heap after GC invocations=4 (full 0):
 garbage-first heap   total 262144K, used 24946K [0x00000000c0000000, 0x00000000c0100800, 0x0000000100000000)
  region size 1024K, 9 young (9216K), 9 survivors (9216K)
 Metaspace       used 19468K, capacity 21030K, committed 21248K, reserved 1069056K
  class space    used 2065K, capacity 2461K, committed 2560K, reserved 1048576K
}
Event: 6.652 GC heap before
{Heap before GC invocations=5 (full 0):
 garbage-first heap   total 262144K, used 86487K [0x00000000c0000000, 0x00000000c0100800, 0x0000000100000000)
  region size 1024K, 72 young (73728K), 9 survivors (9216K)
 Metaspace       used 32919K, capacity 35818K, committed 35840K, reserved 1081344K
  class space    used 3878K, capacity 4725K, committed 4736K, reserved 1048576K
Event: 6.676 GC heap after
Heap after GC invocations=6 (full 0):
 garbage-first heap   total 262144K, used 37050K [0x00000000c0000000, 0x00000000c0100800, 0x0000000100000000)
  region size 1024K, 15 young (15360K), 15 survivors (15360K)
 Metaspace       used 32919K, capacity 35818K, committed 35840K, reserved 1081344K
  class space    used 3878K, capacity 4725K, committed 4736K, reserved 1048576K
}

